<?xml version="1.0" encoding="UTF-8"?>
<testsuite xmlns:xsi="http://www.w3.org/2001/XMLSchema-instance" xsi:noNamespaceSchemaLocation="https://maven.apache.org/surefire/maven-surefire-plugin/xsd/surefire-test-report.xsd" name="Testdemo.test1" time="0.802" tests="13" errors="2" skipped="0" failures="0">
  <properties>
[...]
</properties>
  <testcase name="testDeleteHangHoa" classname="Testdemo.test1" time="0.061"/>
  <testcase name="testGetKhach" classname="Testdemo.test1" time="0.006"/>
  <testcase name="testEdit" classname="Testdemo.test1" time="0.038">
    <error message="Incorrect integer value: &apos;Tét edits&apos; for column &apos;soluong&apos; at row 1" type="java.sql.SQLException">java.sql.SQLException: Incorrect integer value: 'Tét edits' for column 'soluong' at row 1
	at com.khoa.kiemthu/Testdemo.test1.Edit(test1.java:325)
	at com.khoa.kiemthu/Testdemo.test1.testEdit(test1.java:350)
</error>
  </testcase>
  <testcase name="layThongTinUser" classname="Testdemo.test1" time="0.031"/>
  <testcase name="testGetUser" classname="Testdemo.test1" time="0.003"/>
  <testcase name="themHangHoa" classname="Testdemo.test1" time="0.043"/>
  <testcase name="Edit{String, String, String, String, String, String}" classname="Testdemo.test1" time="0.003">
    <error message="No ParameterResolver registered for parameter [java.lang.String a1] in method [public void Testdemo.test1.Edit(java.lang.String,java.lang.String,java.lang.String,java.lang.String,java.lang.String,java.lang.String) throws java.sql.SQLException]." type="org.junit.jupiter.api.extension.ParameterResolutionException">org.junit.jupiter.api.extension.ParameterResolutionException: No ParameterResolver registered for parameter [java.lang.String a1] in method [public void Testdemo.test1.Edit(java.lang.String,java.lang.String,java.lang.String,java.lang.String,java.lang.String,java.lang.String) throws java.sql.SQLException].
</error>
  </testcase>
  <testcase name="testDeleteHangHoaDon" classname="Testdemo.test1" time="0.047"/>
  <testcase name="testGetHoadon" classname="Testdemo.test1" time="0.007"/>
  <testcase name="checkinf" classname="Testdemo.test1" time="0.043"/>
  <testcase name="testUnquie" classname="Testdemo.test1" time="0.004"/>
  <testcase name="testUpdate" classname="Testdemo.test1" time="0.084"/>
  <testcase name="themHangHoaHD" classname="Testdemo.test1" time="0.037"/>
</testsuite>